stdClass Object
(
    [elements] => Array
        (
            [0] => stdClass Object
                (
                    [title] => 单行文本
                    [guidelines] => 
                    [size] => medium
                    [is_required] => 0
                    [is_unique] => 0
                    [is_private] => 0
                    [type] => text
                    [object] => 
                    [position] => 0
                    [id] => 1
                    [is_db_live] => 1
                    [default_value] => 
                    [constraint] => 
                    [options] => 
                    [sexs] => Array
                        (
                            [0] => stdClass Object
                                (
                                    [option] => 先生
                                    [is_default] => 0
                                    [is_db_live] => 0
                                    [id] => 0
                                )

                            [1] => stdClass Object
                                (
                                    [option] => 女士
                                    [is_default] => 0
                                    [is_db_live] => 0
                                    [id] => 0
                                )

                        )

                )

            [1] => stdClass Object
                (
                    [title] => 多行文本
                    [guidelines] => 
                    [size] => medium
                    [is_required] => 0
                    [is_unique] => 0
                    [is_private] => 0
                    [type] => textarea
                    [object] => 
                    [position] => 1
                    [id] => 2
                    [is_db_live] => 1
                    [default_value] => 
                    [constraint] => 
                    [options] => 
                    [sexs] => Array
                        (
                            [0] => stdClass Object
                                (
                                    [option] => 先生
                                    [is_default] => 0
                                    [is_db_live] => 0
                                    [id] => 0
                                )

                            [1] => stdClass Object
                                (
                                    [option] => 女士
                                    [is_default] => 0
                                    [is_db_live] => 0
                                    [id] => 0
                                )

                        )

                )

            [2] => stdClass Object
                (
                    [title] => 姓名
                    [guidelines] => 
                    [size] => medium
                    [is_required] => 0
                    [is_unique] => 0
                    [is_private] => 0
                    [type] => xingming
                    [object] => 
                    [position] => 2
                    [id] => 3
                    [is_db_live] => 1
                    [default_value] => 
                    [constraint] => 
                    [options] => 
                    [sexs] => Array
                        (
                            [0] => stdClass Object
                                (
                                    [option] => 先生
                                    [is_default] => 0
                                    [is_db_live] => 0
                                    [id] => 0
                                )

                            [1] => stdClass Object
                                (
                                    [option] => 女士
                                    [is_default] => 0
                                    [is_db_live] => 0
                                    [id] => 0
                                )

                        )

                )

            [3] => stdClass Object
                (
                    [title] => 称谓
                    [guidelines] => 
                    [size] => medium
                    [is_required] => 0
                    [is_unique] => 0
                    [is_private] => 0
                    [type] => sex
                    [object] => 
                    [position] => 3
                    [id] => 5
                    [is_db_live] => 1
                    [default_value] => 
                    [constraint] => 
                    [options] => Array
                        (
                            [0] => stdClass Object
                                (
                                    [id] => 1
                                    [option] => 先生
                                    [is_default] => 0
                                    [is_db_live] => 1
                                )

                            [1] => stdClass Object
                                (
                                    [id] => 2
                                    [option] => 女士
                                    [is_default] => 0
                                    [is_db_live] => 1
                                )

                        )

                    [sexs] => Array
                        (
                            [0] => stdClass Object
                                (
                                    [option] => 先生
                                    [is_default] => 0
                                    [is_db_live] => 0
                                    [id] => 0
                                )

                            [1] => stdClass Object
                                (
                                    [option] => 女士
                                    [is_default] => 0
                                    [is_db_live] => 0
                                    [id] => 0
                                )

                        )

                )

            [4] => stdClass Object
                (
                    [title] => 手机
                    [guidelines] => 
                    [size] => medium
                    [is_required] => 0
                    [is_unique] => 0
                    [is_private] => 0
                    [type] => dianhua
                    [object] => 
                    [position] => 4
                    [id] => 4
                    [is_db_live] => 1
                    [default_value] => 
                    [constraint] => 
                    [options] => Array
                        (
                            [0] => stdClass Object
                                (
                                    [id] => 1
                                    [option] => 先生
                                    [is_default] => 0
                                    [is_db_live] => 1
                                )

                            [1] => stdClass Object
                                (
                                    [id] => 2
                                    [option] => 女士
                                    [is_default] => 0
                                    [is_db_live] => 1
                                )

                        )

                    [sexs] => Array
                        (
                            [0] => stdClass Object
                                (
                                    [option] => 先生
                                    [is_default] => 0
                                    [is_db_live] => 0
                                    [id] => 0
                                )

                            [1] => stdClass Object
                                (
                                    [option] => 女士
                                    [is_default] => 0
                                    [is_db_live] => 0
                                    [id] => 0
                                )

                        )

                )

            [5] => stdClass Object
                (
                    [title] => 商品
                    [guidelines] => 
                    [size] => medium
                    [is_required] => 0
                    [is_unique] => 0
                    [is_private] => 0
                    [type] => product
                    [object] => 
                    [position] => 5
                    [id] => 6
                    [is_db_live] => 0
                    [default_value] => 
                    [constraint] => 
                    [options] => Array
                        (
                            [0] => stdClass Object
                                (
                                    [option] => 第一个选项
                                    [is_default] => 0
                                    [is_db_live] => 0
                                    [id] => 0
                                )

                            [1] => stdClass Object
                                (
                                    [option] => 第二个选项
                                    [is_default] => 0
                                    [is_db_live] => 0
                                    [id] => 0
                                )

                            [2] => stdClass Object
                                (
                                    [option] => 第三个选项
                                    [is_default] => 0
                                    [is_db_live] => 0
                                    [id] => 0
                                )

                        )

                    [sexs] => Array
                        (
                            [0] => stdClass Object
                                (
                                    [option] => 先生
                                    [is_default] => 0
                                    [is_db_live] => 0
                                    [id] => 0
                                )

                            [1] => stdClass Object
                                (
                                    [option] => 女士
                                    [is_default] => 0
                                    [is_db_live] => 0
                                    [id] => 0
                                )

                        )

                )

        )

)
